<?xml version="1.0" encoding="UTF-8" ?>
<testsuite tests="3" failures="0" name="cucumberOptions.TestRunner" time="44.805" errors="0" skipped="0">
  <properties>
[...]
</properties>
  <testcase classname="Place order on Greenkart" name=": Select multiple items and place the order #1" time="15.472"/>
  <testcase classname="Place order on Greenkart" name=": Select multiple items and place the order #2" time="15.018"/>
  <testcase classname="Place order on Greenkart" name=": Select multiple items and place the order #3" time="14.315"/>
</testsuite>